<?xml version="1.0" encoding="UTF-8"?>
<!-- Generated by org.testng.reporters.JUnitReportReporter -->
<testsuite hostname="LAPTOP-PQA462OG" failures="0" tests="1" name="Test1.Tc1" time="0.015" errors="0" timestamp="2022-12-27T22:17:34 IST" skipped="0">
  <testcase classname="Test1.Tc1" name="TC1" time="0.015"/>
  <system-out>
    <![CDATA[Hello]]>
  </system-out>
</testsuite> <!-- Test1.Tc1 -->
