<?xml version="1.0" encoding="UTF-8"?>
<!-- Generated by org.testng.reporters.JUnitReportReporter -->
<testsuite hostname="LAPTOP-PQA462OG" failures="0" tests="2" name="TestNg2.multiBrowser" time="11.065" errors="0" timestamp="2023-01-04T23:12:42 IST" skipped="0">
  <testcase classname="TestNg2.multiBrowser" name="T1" time="6.930"/>
  <system-out>
    <![CDATA[openfacebook]]>
  </system-out>
  <testcase classname="TestNg2.multiBrowser" name="T1" time="4.135"/>
  <system-out>
    <![CDATA[openfacebook]]>
  </system-out>
</testsuite> <!-- TestNg2.multiBrowser -->
