<?xml version="1.0" encoding="UTF-8"?>
<!-- Generated by org.testng.reporters.JUnitReportReporter -->
<testsuite hostname="LAPTOP-PQA462OG" failures="0" tests="2" name="TestNG.TimeoutsKeyword" time="0.029" errors="0" timestamp="2023-01-04T15:58:46 IST" skipped="0">
  <testcase classname="TestNG.TimeoutsKeyword" name="Tc2" time="0.009"/>
  <system-out>
    <![CDATA[123456789]]>
  </system-out>
  <testcase classname="TestNG.TimeoutsKeyword" name="Tc1" time="0.020"/>
  <system-out>
    <![CDATA[amazone getting more time so we used timeouts]]>
  </system-out>
</testsuite> <!-- TestNG.TimeoutsKeyword -->
