<?xml version="1.0" encoding="UTF-8"?>
<!-- Generated by org.testng.reporters.JUnitReportReporter -->
<testsuite hostname="LAPTOP-PQA462OG" failures="0" tests="1" name="TestNg2.tryfforPara" time="1.644" errors="0" timestamp="2023-01-05T22:05:17 IST" skipped="0">
  <testcase classname="TestNg2.tryfforPara" name="varifythExelsheet" time="1.644"/>
  <system-out>
    <![CDATA[try to open shet]]>
  </system-out>
</testsuite> <!-- TestNg2.tryfforPara -->
