<?xml version="1.0" encoding="UTF-8"?>
<!-- Generated by org.testng.reporters.JUnitReportReporter -->
<testsuite hostname="LAPTOP-PQA462OG" failures="0" tests="1" name="TestNG.TestAnnotation" time="0.024" errors="0" timestamp="2023-01-03T14:00:32 IST" skipped="0">
  <testcase classname="TestNG.TestAnnotation" name="verifyText" time="0.024"/>
  <system-out>
    <![CDATA[Running actual test case]]>
  </system-out>
</testsuite> <!-- TestNG.TestAnnotation -->
