<?xml version="1.0" encoding="UTF-8"?>
<!-- Generated by org.testng.reporters.JUnitReportReporter -->
<testsuite hostname="LAPTOP-PQA462OG" failures="0" tests="7" name="TestNG.TestNg_Innvocation_Count2" time="0.021" errors="0" timestamp="2023-01-03T13:53:54 IST" skipped="0">
  <testcase classname="TestNG.TestNg_Innvocation_Count2" name="Tc1" time="0.002"/>
  <system-out>
    <![CDATA[I LOVE MY INDIA]]>
  </system-out>
  <testcase classname="TestNG.TestNg_Innvocation_Count2" name="Tc1" time="0.014"/>
  <system-out>
    <![CDATA[I LOVE MY INDIA]]>
  </system-out>
  <testcase classname="TestNG.TestNg_Innvocation_Count2" name="Tc1" time="0.001"/>
  <system-out>
    <![CDATA[I LOVE MY INDIA]]>
  </system-out>
  <testcase classname="TestNG.TestNg_Innvocation_Count2" name="Tc1" time="0.001"/>
  <system-out>
    <![CDATA[I LOVE MY INDIA]]>
  </system-out>
  <testcase classname="TestNG.TestNg_Innvocation_Count2" name="Tc1" time="0.001"/>
  <system-out>
    <![CDATA[I LOVE MY INDIA]]>
  </system-out>
  <testcase classname="TestNG.TestNg_Innvocation_Count2" name="Tc1" time="0.001"/>
  <system-out>
    <![CDATA[I LOVE MY INDIA]]>
  </system-out>
  <testcase classname="TestNG.TestNg_Innvocation_Count2" name="Tc1" time="0.001"/>
  <system-out>
    <![CDATA[I LOVE MY INDIA]]>
  </system-out>
</testsuite> <!-- TestNG.TestNg_Innvocation_Count2 -->
