<?xml version="1.0" encoding="UTF-8"?>
<!-- Generated by org.testng.reporters.JUnitReportReporter -->
<testsuite hostname="LAPTOP-PQA462OG" failures="0" tests="2" name="TestNG.TimeoutKeyword" time="0.026" errors="0" timestamp="2023-01-05T00:03:27 IST" skipped="0">
  <testcase classname="TestNG.TimeoutKeyword" name="Tc2" time="0.009"/>
  <system-out>
    <![CDATA[123456789]]>
  </system-out>
  <testcase classname="TestNG.TimeoutKeyword" name="Tc1" time="0.017"/>
  <system-out>
    <![CDATA[amazone getting more time so we used timeout]]>
  </system-out>
</testsuite> <!-- TestNG.TimeoutKeyword -->
