<?xml version="1.0" encoding="UTF-8"?>
<!-- Generated by org.testng.reporters.JUnitReportReporter -->
<testsuite hostname="LAPTOP-PQA462OG" failures="0" tests="3" name="TestNG.TestNg_priority2" time="0.018" errors="0" timestamp="2023-01-03T13:41:32 IST" skipped="0">
  <testcase classname="TestNG.TestNg_priority2" name="testCase3" time="0.015"/>
  <system-out>
    <![CDATA[test 3rd]]>
  </system-out>
  <testcase classname="TestNG.TestNg_priority2" name="testCase2" time="0.002"/>
  <system-out>
    <![CDATA[test 2nd]]>
  </system-out>
  <testcase classname="TestNG.TestNg_priority2" name="testCase1" time="0.001"/>
  <system-out>
    <![CDATA[test 1st]]>
  </system-out>
</testsuite> <!-- TestNG.TestNg_priority2 -->
