<?xml version="1.0" encoding="UTF-8"?>
<!-- Generated by org.testng.reporters.JUnitReportReporter -->
<testsuite hostname="LAPTOP-PQA462OG" failures="0" tests="1" name="Test_Ng7.Suite_create_first" time="9.479" errors="0" timestamp="2023-01-04T23:11:59 IST" skipped="0">
  <testcase classname="Test_Ng7.Suite_create_first" name="T1" time="9.479"/>
  <system-out/>
</testsuite> <!-- Test_Ng7.Suite_create_first -->
