<?xml version="1.0" encoding="UTF-8"?>
<!-- Generated by org.testng.reporters.JUnitReportReporter -->
<testsuite hostname="LAPTOP-PQA462OG" failures="0" tests="10" name="TestNG.TestNg_Invocation_Count" time="0.027" errors="0" timestamp="2023-01-10T13:28:27 IST" skipped="0">
  <testcase classname="TestNG.TestNg_Invocation_Count" name="Tc2" time="0.001"/>
  <system-out>
    <![CDATA[don't know ]]>
  </system-out>
  <testcase classname="TestNG.TestNg_Invocation_Count" name="Tc2" time="0.017"/>
  <system-out>
    <![CDATA[don't know ]]>
  </system-out>
  <testcase classname="TestNG.TestNg_Invocation_Count" name="Tc2" time="0.001"/>
  <system-out>
    <![CDATA[don't know ]]>
  </system-out>
  <testcase classname="TestNG.TestNg_Invocation_Count" name="Tc2" time="0.001"/>
  <system-out>
    <![CDATA[don't know ]]>
  </system-out>
  <testcase classname="TestNG.TestNg_Invocation_Count" name="Tc2" time="0.001"/>
  <system-out>
    <![CDATA[don't know ]]>
  </system-out>
  <testcase classname="TestNG.TestNg_Invocation_Count" name="Tc2" time="0.001"/>
  <system-out>
    <![CDATA[don't know ]]>
  </system-out>
  <testcase classname="TestNG.TestNg_Invocation_Count" name="Tc2" time="0.001"/>
  <system-out>
    <![CDATA[don't know ]]>
  </system-out>
  <testcase classname="TestNG.TestNg_Invocation_Count" name="Tc2" time="0.001"/>
  <system-out>
    <![CDATA[don't know ]]>
  </system-out>
  <testcase classname="TestNG.TestNg_Invocation_Count" name="Tc2" time="0.002"/>
  <system-out>
    <![CDATA[don't know ]]>
  </system-out>
  <testcase classname="TestNG.TestNg_Invocation_Count" name="Tc2" time="0.001"/>
  <system-out>
    <![CDATA[don't know ]]>
  </system-out>
</testsuite> <!-- TestNG.TestNg_Invocation_Count -->
