<?xml version="1.0" encoding="UTF-8"?>
<!-- Generated by org.testng.reporters.JUnitReportReporter -->
<testsuite hostname="LAPTOP-PQA462OG" failures="0" tests="2" name="TestNG.Dependensonmethodss" time="0.017" errors="0" timestamp="2023-01-04T15:41:54 IST" skipped="0">
  <testcase classname="TestNG.Dependensonmethodss" name="verifylogoutpage" time="0.002"/>
  <system-out>
    <![CDATA[succesfully logout page,true]]>
  </system-out>
  <testcase classname="TestNG.Dependensonmethodss" name="verifyloginpage" time="0.015"/>
  <system-out>
    <![CDATA[open succesfully page,true]]>
  </system-out>
</testsuite> <!-- TestNG.Dependensonmethodss -->
