<?xml version="1.0" encoding="UTF-8"?>
<!-- Generated by org.testng.reporters.JUnitReportReporter -->
<testsuite hostname="LAPTOP-PQA462OG" failures="0" tests="2" name="TestNG.EnabledKeyword" time="0.016" errors="0" timestamp="2023-01-04T15:46:56 IST" skipped="0">
  <testcase classname="TestNG.EnabledKeyword" name="Tc2" time="0.001"/>
  <system-out>
    <![CDATA[tc2 pass]]>
  </system-out>
  <testcase classname="TestNG.EnabledKeyword" name="Tc1" time="0.015"/>
  <system-out>
    <![CDATA[tc1 pass ]]>
  </system-out>
</testsuite> <!-- TestNG.EnabledKeyword -->
