<?xml version="1.0" encoding="UTF-8"?>
<!-- Generated by org.testng.reporters.JUnitReportReporter -->
<testsuite hostname="LAPTOP-PQA462OG" failures="0" tests="1" name="Pom_Pagefactory_Testng.Text12" time="8.677" errors="0" timestamp="2023-01-12T15:06:48 IST" skipped="0">
  <testcase classname="Pom_Pagefactory_Testng.Text12" name="verifytextt" time="8.677"/>
  <system-out/>
</testsuite> <!-- Pom_Pagefactory_Testng.Text12 -->
